<?xml version="1.0" encoding="UTF-8"?>
<testng-results ignored="0" total="1" passed="1" failed="0" skipped="0">
  <reporter-output>
  </reporter-output>
  <suite started-at="2025-12-01T13:15:41 IST" name="Suite" finished-at="2025-12-01T13:15:48 IST" duration-ms="7438">
    <groups>
    </groups>
    <test started-at="2025-12-01T13:15:41 IST" name="Test" finished-at="2025-12-01T13:15:48 IST" duration-ms="7438">
      <class name="com.dd.testcases.TC_MyaccountPage">
        <test-method is-config="true" signature="setup()[pri:0, instance:com.dd.testcases.TC_MyaccountPage@5b1ebf56]" started-at="2025-12-01T13:15:41 IST" name="setup" finished-at="2025-12-01T13:15:46 IST" duration-ms="5388" status="PASS">
          <reporter-output>
          </reporter-output>
        </test-method> <!-- setup -->
        <test-method signature="verifyLogin()[pri:0, instance:com.dd.testcases.TC_MyaccountPage@5b1ebf56]" started-at="2025-12-01T13:15:46 IST" name="verifyLogin" finished-at="2025-12-01T13:15:48 IST" duration-ms="1611" status="PASS">
          <reporter-output>
          </reporter-output>
        </test-method> <!-- verifyLogin -->
        <test-method is-config="true" signature="tearDown()[pri:0, instance:com.dd.testcases.TC_MyaccountPage@5b1ebf56]" started-at="2025-12-01T13:15:48 IST" name="tearDown" finished-at="2025-12-01T13:15:48 IST" duration-ms="346" status="PASS">
          <reporter-output>
          </reporter-output>
        </test-method> <!-- tearDown -->
      </class> <!-- com.dd.testcases.TC_MyaccountPage -->
    </test> <!-- Test -->
  </suite> <!-- Suite -->
</testng-results>
