<?xml version="1.0" encoding="UTF-8"?>
<testng-results ignored="0" total="1" passed="1" failed="0" skipped="0">
  <reporter-output>
  </reporter-output>
  <suite started-at="2025-08-28T15:41:40 IST" name="Default suite" finished-at="2025-08-28T15:41:49 IST" duration-ms="8774">
    <groups>
    </groups>
    <test started-at="2025-08-28T15:41:40 IST" name="Default test" finished-at="2025-08-28T15:41:49 IST" duration-ms="8774">
      <class name="com.dd.testcases.TC_MyaccountPage">
        <test-method is-config="true" signature="setup()[pri:0, instance:com.dd.testcases.TC_MyaccountPage@65d09a04]" started-at="2025-08-28T15:41:40 IST" name="setup" finished-at="2025-08-28T15:41:47 IST" duration-ms="7370" status="PASS">
          <reporter-output>
          </reporter-output>
        </test-method> <!-- setup -->
        <test-method signature="verifyLogin()[pri:0, instance:com.dd.testcases.TC_MyaccountPage@65d09a04]" started-at="2025-08-28T15:41:47 IST" name="verifyLogin" finished-at="2025-08-28T15:41:48 IST" duration-ms="1051" status="PASS">
          <reporter-output>
          </reporter-output>
        </test-method> <!-- verifyLogin -->
        <test-method is-config="true" signature="tearDown()[pri:0, instance:com.dd.testcases.TC_MyaccountPage@65d09a04]" started-at="2025-08-28T15:41:48 IST" name="tearDown" finished-at="2025-08-28T15:41:49 IST" duration-ms="292" status="PASS">
          <reporter-output>
          </reporter-output>
        </test-method> <!-- tearDown -->
      </class> <!-- com.dd.testcases.TC_MyaccountPage -->
    </test> <!-- Default test -->
  </suite> <!-- Default suite -->
</testng-results>
