<?xml version="1.0" encoding="UTF-8"?>
<testng-results ignored="0" total="1" passed="1" failed="0" skipped="0">
  <reporter-output>
  </reporter-output>
  <suite started-at="2025-08-28T16:42:05 IST" name="Default suite" finished-at="2025-08-28T16:42:12 IST" duration-ms="6992">
    <groups>
    </groups>
    <test started-at="2025-08-28T16:42:05 IST" name="Default test" finished-at="2025-08-28T16:42:12 IST" duration-ms="6992">
      <class name="com.dd.testcases.TC_MyaccountPage">
        <test-method is-config="true" signature="setup()[pri:0, instance:com.dd.testcases.TC_MyaccountPage@65d09a04]" started-at="2025-08-28T16:42:05 IST" name="setup" finished-at="2025-08-28T16:42:11 IST" duration-ms="5919" status="PASS">
          <reporter-output>
          </reporter-output>
        </test-method> <!-- setup -->
        <test-method signature="verifyLogin()[pri:0, instance:com.dd.testcases.TC_MyaccountPage@65d09a04]" started-at="2025-08-28T16:42:11 IST" name="verifyLogin" finished-at="2025-08-28T16:42:11 IST" duration-ms="786" status="PASS">
          <reporter-output>
          </reporter-output>
        </test-method> <!-- verifyLogin -->
        <test-method is-config="true" signature="tearDown()[pri:0, instance:com.dd.testcases.TC_MyaccountPage@65d09a04]" started-at="2025-08-28T16:42:11 IST" name="tearDown" finished-at="2025-08-28T16:42:12 IST" duration-ms="246" status="PASS">
          <reporter-output>
          </reporter-output>
        </test-method> <!-- tearDown -->
      </class> <!-- com.dd.testcases.TC_MyaccountPage -->
    </test> <!-- Default test -->
  </suite> <!-- Default suite -->
</testng-results>
